  [1m[35m (523.1ms)[0m  [1m[35mCREATE DATABASE "mend_app_api_development" ENCODING = 'unicode'[0m
  [1m[35m (453.0ms)[0m  [1m[35mCREATE DATABASE "mend_app_api_test" ENCODING = 'unicode'[0m
  [1m[35m (39.8ms)[0m  [1m[35mCREATE TABLE "schema_migrations" ("version" character varying NOT NULL PRIMARY KEY)[0m
  [1m[35m (5.2ms)[0m  [1m[35mCREATE TABLE "ar_internal_metadata" ("key" character varying NOT NULL PRIMARY KEY, "value" character varying, "created_at" timestamp(6) NOT NULL, "updated_at" timestamp(6) NOT NULL)[0m
  [1m[35m (6.6ms)[0m  [1m[34mSELECT pg_try_advisory_lock(5736801139284754560)[0m
  [1m[35m (1.2ms)[0m  [1m[34mSELECT "schema_migrations"."version" FROM "schema_migrations" ORDER BY "schema_migrations"."version" ASC[0m
Migrating to CreateMends (20191121030837)
  [1m[35m (0.2ms)[0m  [1m[35mBEGIN[0m
  [1m[35m (20.0ms)[0m  [1m[35mCREATE TABLE "mends" ("id" bigserial primary key, "make" character varying, "model" character varying, "year" character varying, "description" character varying, "service" character varying, "price" character varying, "created_at" timestamp(6) NOT NULL, "updated_at" timestamp(6) NOT NULL)[0m
  [1m[36mprimary::SchemaMigration Create (1.8ms)[0m  [1m[32mINSERT INTO "schema_migrations" ("version") VALUES ($1) RETURNING "version"[0m  [["version", "20191121030837"]]
  [1m[35m (0.5ms)[0m  [1m[35mCOMMIT[0m
  [1m[36mActiveRecord::InternalMetadata Load (0.9ms)[0m  [1m[34mSELECT "ar_internal_metadata".* FROM "ar_internal_metadata" WHERE "ar_internal_metadata"."key" = $1 LIMIT $2[0m  [["key", "environment"], ["LIMIT", 1]]
  [1m[35m (0.2ms)[0m  [1m[35mBEGIN[0m
  [1m[36mActiveRecord::InternalMetadata Create (1.4ms)[0m  [1m[32mINSERT INTO "ar_internal_metadata" ("key", "value", "created_at", "updated_at") VALUES ($1, $2, $3, $4) RETURNING "key"[0m  [["key", "environment"], ["value", "development"], ["created_at", "2019-11-21 03:15:02.849914"], ["updated_at", "2019-11-21 03:15:02.849914"]]
  [1m[35m (0.5ms)[0m  [1m[35mCOMMIT[0m
  [1m[35m (0.4ms)[0m  [1m[34mSELECT pg_advisory_unlock(5736801139284754560)[0m
  [1m[35m (0.5ms)[0m  [1m[34mSELECT "schema_migrations"."version" FROM "schema_migrations" ORDER BY "schema_migrations"."version" ASC[0m
  [1m[36mMend Load (2.9ms)[0m  [1m[34mSELECT "mends".* FROM "mends" LIMIT $1[0m  [["LIMIT", 11]]
  [1m[35m (3.9ms)[0m  [1m[34mSELECT COUNT(*) FROM "mends"[0m
  [1m[35m (7.5ms)[0m  [1m[34mSELECT "schema_migrations"."version" FROM "schema_migrations" ORDER BY "schema_migrations"."version" ASC[0m
Started GET "/" for ::1 at 2019-11-25 21:16:28 -0500
  [1m[35m (2.4ms)[0m  [1m[34mSELECT "schema_migrations"."version" FROM "schema_migrations" ORDER BY "schema_migrations"."version" ASC[0m
Processing by Rails::WelcomeController#index as HTML
  Rendering /Users/adesegunadedeji/.rbenv/versions/2.6.3/lib/ruby/gems/2.6.0/gems/railties-6.0.1/lib/rails/templates/rails/welcome/index.html.erb
  Rendered /Users/adesegunadedeji/.rbenv/versions/2.6.3/lib/ruby/gems/2.6.0/gems/railties-6.0.1/lib/rails/templates/rails/welcome/index.html.erb (Duration: 12.0ms | Allocations: 489)
Completed 200 OK in 25ms (Views: 18.8ms | ActiveRecord: 0.0ms | Allocations: 2698)


Started GET "/favicon.ico" for ::1 at 2019-11-25 21:16:29 -0500
  
ActionController::RoutingError (No route matches [GET] "/favicon.ico"):
  
actionpack (6.0.1) lib/action_dispatch/middleware/debug_exceptions.rb:36:in `call'
actionpack (6.0.1) lib/action_dispatch/middleware/show_exceptions.rb:33:in `call'
railties (6.0.1) lib/rails/rack/logger.rb:38:in `call_app'
railties (6.0.1) lib/rails/rack/logger.rb:26:in `block in call'
activesupport (6.0.1) lib/active_support/tagged_logging.rb:80:in `block in tagged'
activesupport (6.0.1) lib/active_support/tagged_logging.rb:28:in `tagged'
activesupport (6.0.1) lib/active_support/tagged_logging.rb:80:in `tagged'
railties (6.0.1) lib/rails/rack/logger.rb:26:in `call'
actionpack (6.0.1) lib/action_dispatch/middleware/remote_ip.rb:81:in `call'
actionpack (6.0.1) lib/action_dispatch/middleware/request_id.rb:27:in `call'
rack (2.0.7) lib/rack/runtime.rb:22:in `call'
activesupport (6.0.1) lib/active_support/cache/strategy/local_cache_middleware.rb:29:in `call'
actionpack (6.0.1) lib/action_dispatch/middleware/executor.rb:14:in `call'
actionpack (6.0.1) lib/action_dispatch/middleware/static.rb:126:in `call'
rack (2.0.7) lib/rack/sendfile.rb:111:in `call'
actionpack (6.0.1) lib/action_dispatch/middleware/host_authorization.rb:83:in `call'
railties (6.0.1) lib/rails/engine.rb:526:in `call'
puma (3.12.1) lib/puma/configuration.rb:227:in `call'
puma (3.12.1) lib/puma/server.rb:660:in `handle_request'
puma (3.12.1) lib/puma/server.rb:474:in `process_client'
puma (3.12.1) lib/puma/server.rb:334:in `block in run'
puma (3.12.1) lib/puma/thread_pool.rb:135:in `block in spawn_thread'
  [1m[35m (8.3ms)[0m  [1m[34mSELECT pg_try_advisory_lock(5736801139284754560)[0m
  [1m[35m (0.6ms)[0m  [1m[34mSELECT "schema_migrations"."version" FROM "schema_migrations" ORDER BY "schema_migrations"."version" ASC[0m
  [1m[36mActiveRecord::InternalMetadata Load (11.2ms)[0m  [1m[34mSELECT "ar_internal_metadata".* FROM "ar_internal_metadata" WHERE "ar_internal_metadata"."key" = $1 LIMIT $2[0m  [["key", "environment"], ["LIMIT", 1]]
  [1m[35m (0.2ms)[0m  [1m[34mSELECT pg_advisory_unlock(5736801139284754560)[0m
  [1m[35m (0.4ms)[0m  [1m[34mSELECT "schema_migrations"."version" FROM "schema_migrations" ORDER BY "schema_migrations"."version" ASC[0m
  [1m[35m (0.4ms)[0m  [1m[34mSELECT "schema_migrations"."version" FROM "schema_migrations" ORDER BY "schema_migrations"."version" ASC[0m
  [1m[35m (0.4ms)[0m  [1m[34mSELECT "schema_migrations"."version" FROM "schema_migrations" ORDER BY "schema_migrations"."version" ASC[0m
  [1m[35m (0.7ms)[0m  [1m[34mSELECT "schema_migrations"."version" FROM "schema_migrations" ORDER BY "schema_migrations"."version" ASC[0m
  [1m[35m (0.5ms)[0m  [1m[34mSELECT "schema_migrations"."version" FROM "schema_migrations" ORDER BY "schema_migrations"."version" ASC[0m
  [1m[35m (0.5ms)[0m  [1m[34mSELECT "schema_migrations"."version" FROM "schema_migrations" ORDER BY "schema_migrations"."version" ASC[0m
  [1m[35m (0.4ms)[0m  [1m[34mSELECT "schema_migrations"."version" FROM "schema_migrations" ORDER BY "schema_migrations"."version" ASC[0m
  [1m[35m (0.4ms)[0m  [1m[34mSELECT "schema_migrations"."version" FROM "schema_migrations" ORDER BY "schema_migrations"."version" ASC[0m
  [1m[35m (0.5ms)[0m  [1m[34mSELECT "schema_migrations"."version" FROM "schema_migrations" ORDER BY "schema_migrations"."version" ASC[0m
  [1m[35m (0.2ms)[0m  [1m[35mBEGIN[0m
  [1m[36mMend Create (15.7ms)[0m  [1m[32mINSERT INTO "mends" ("make", "model", "year", "description", "service", "created_at", "updated_at") VALUES ($1, $2, $3, $4, $5, $6, $7) RETURNING "id"[0m  [["make", "Lincoln"], ["model", "Prius"], ["year", "2019"], ["description", "[\"Electronic parking brake\", \"Body color front/rear bumpers\", \"Roof mounted antenna\", \"Electrochromic pwr folding heated mirrors w/memory -inc: puddle lamps, integrated turn signals, auto reverse tilt-down\", \"Front/rear side curtain airbags\", \"Immobilizer system\"]"], ["service", "Platinum"], ["created_at", "2019-11-26 02:25:37.513250"], ["updated_at", "2019-11-26 02:25:37.513250"]]
  [1m[35m (0.6ms)[0m  [1m[35mCOMMIT[0m
  [1m[35m (0.1ms)[0m  [1m[35mBEGIN[0m
  [1m[36mMend Create (0.2ms)[0m  [1m[32mINSERT INTO "mends" ("make", "model", "year", "description", "service", "created_at", "updated_at") VALUES ($1, $2, $3, $4, $5, $6, $7) RETURNING "id"[0m  [["make", "Buick"], ["model", "Challenger"], ["year", "2019"], ["description", "[\"Front side-impact airbags\", \"High performance suspension\", \"Full-length floor console\", \"Direct-type tire pressure monitor system\", \"Body color door handles\", \"625-amp maintenance-free battery\"]"], ["service", "Business"], ["created_at", "2019-11-26 02:25:37.533086"], ["updated_at", "2019-11-26 02:25:37.533086"]]
  [1m[35m (0.3ms)[0m  [1m[35mCOMMIT[0m
  [1m[35m (0.1ms)[0m  [1m[35mBEGIN[0m
  [1m[36mMend Create (0.2ms)[0m  [1m[32mINSERT INTO "mends" ("make", "model", "year", "description", "service", "created_at", "updated_at") VALUES ($1, $2, $3, $4, $5, $6, $7) RETURNING "id"[0m  [["make", "Dodge"], ["model", "Corolla"], ["year", "2015"], ["description", "[\"Roof mounted antenna\", \"Air conditioning w/in-cabin microfilter\", \"200mm front axle\", \"Rear window defroster w/timer\", \"Dual chrome exhaust tips\"]"], ["service", "Gold"], ["created_at", "2019-11-26 02:25:37.535902"], ["updated_at", "2019-11-26 02:25:37.535902"]]
  [1m[35m (4.0ms)[0m  [1m[35mCOMMIT[0m
  [1m[35m (0.1ms)[0m  [1m[35mBEGIN[0m
  [1m[36mMend Create (0.9ms)[0m  [1m[32mINSERT INTO "mends" ("make", "model", "year", "description", "service", "created_at", "updated_at") VALUES ($1, $2, $3, $4, $5, $6, $7) RETURNING "id"[0m  [["make", "Buick"], ["model", "LaCrosse"], ["year", "2016"], ["description", "[\"Cargo compartment lamp\", \"Electronic brakeforce distribution (EBD) w/brake assist (BA) -inc: Smart stop technology\", \"Black roof molding\", \"Impact-dissipating upper interior trim\", \"Steel side-door impact beams\", \"Vehicle info center\", \"Luxury front & rear floor mats w/logo\"]"], ["service", "Student"], ["created_at", "2019-11-26 02:25:37.543380"], ["updated_at", "2019-11-26 02:25:37.543380"]]
  [1m[35m (0.4ms)[0m  [1m[35mCOMMIT[0m
  [1m[35m (0.1ms)[0m  [1m[35mBEGIN[0m
  [1m[36mMend Create (0.2ms)[0m  [1m[32mINSERT INTO "mends" ("make", "model", "year", "description", "service", "created_at", "updated_at") VALUES ($1, $2, $3, $4, $5, $6, $7) RETURNING "id"[0m  [["make", "Nissan"], ["model", "Cube"], ["year", "2017"], ["description", "[\"Rear passenger map pockets\", \"8-speed automatic transmission -inc: intelligence (ECT-i), gated shifter, sequential sport-shift mode\", \"160-amp alternator\", \"Acoustic glass windshield\", \"Tilt/telescoping steering column\"]"], ["service", "Platinum"], ["created_at", "2019-11-26 02:25:37.547578"], ["updated_at", "2019-11-26 02:25:37.547578"]]
  [1m[35m (0.3ms)[0m  [1m[35mCOMMIT[0m
  [1m[36mMend Load (0.4ms)[0m  [1m[34mSELECT "mends".* FROM "mends" LIMIT $1[0m  [["LIMIT", 11]]
Started GET "/" for ::1 at 2019-11-25 21:26:15 -0500
  [1m[35m (0.6ms)[0m  [1m[34mSELECT "schema_migrations"."version" FROM "schema_migrations" ORDER BY "schema_migrations"."version" ASC[0m
Processing by Rails::WelcomeController#index as HTML
  Rendering /Users/adesegunadedeji/.rbenv/versions/2.6.3/lib/ruby/gems/2.6.0/gems/railties-6.0.1/lib/rails/templates/rails/welcome/index.html.erb
  Rendered /Users/adesegunadedeji/.rbenv/versions/2.6.3/lib/ruby/gems/2.6.0/gems/railties-6.0.1/lib/rails/templates/rails/welcome/index.html.erb (Duration: 7.1ms | Allocations: 316)
Completed 200 OK in 15ms (Views: 10.5ms | ActiveRecord: 0.0ms | Allocations: 1603)


Started GET "/" for ::1 at 2019-11-25 21:26:18 -0500
Processing by Rails::WelcomeController#index as HTML
  Rendering /Users/adesegunadedeji/.rbenv/versions/2.6.3/lib/ruby/gems/2.6.0/gems/railties-6.0.1/lib/rails/templates/rails/welcome/index.html.erb
  Rendered /Users/adesegunadedeji/.rbenv/versions/2.6.3/lib/ruby/gems/2.6.0/gems/railties-6.0.1/lib/rails/templates/rails/welcome/index.html.erb (Duration: 7.0ms | Allocations: 191)
Completed 200 OK in 10ms (Views: 8.2ms | ActiveRecord: 0.0ms | Allocations: 726)


Started GET "/" for ::1 at 2019-11-25 21:26:47 -0500
Processing by Rails::WelcomeController#index as HTML
  Rendering /Users/adesegunadedeji/.rbenv/versions/2.6.3/lib/ruby/gems/2.6.0/gems/railties-6.0.1/lib/rails/templates/rails/welcome/index.html.erb
  Rendered /Users/adesegunadedeji/.rbenv/versions/2.6.3/lib/ruby/gems/2.6.0/gems/railties-6.0.1/lib/rails/templates/rails/welcome/index.html.erb (Duration: 0.3ms | Allocations: 8)
Completed 200 OK in 1ms (Views: 0.7ms | ActiveRecord: 0.0ms | Allocations: 237)


Started GET "/mend" for ::1 at 2019-11-25 21:26:52 -0500
  
ActionController::RoutingError (No route matches [GET] "/mend"):
  
actionpack (6.0.1) lib/action_dispatch/middleware/debug_exceptions.rb:36:in `call'
actionpack (6.0.1) lib/action_dispatch/middleware/show_exceptions.rb:33:in `call'
railties (6.0.1) lib/rails/rack/logger.rb:38:in `call_app'
railties (6.0.1) lib/rails/rack/logger.rb:26:in `block in call'
activesupport (6.0.1) lib/active_support/tagged_logging.rb:80:in `block in tagged'
activesupport (6.0.1) lib/active_support/tagged_logging.rb:28:in `tagged'
activesupport (6.0.1) lib/active_support/tagged_logging.rb:80:in `tagged'
railties (6.0.1) lib/rails/rack/logger.rb:26:in `call'
actionpack (6.0.1) lib/action_dispatch/middleware/remote_ip.rb:81:in `call'
actionpack (6.0.1) lib/action_dispatch/middleware/request_id.rb:27:in `call'
rack (2.0.7) lib/rack/runtime.rb:22:in `call'
activesupport (6.0.1) lib/active_support/cache/strategy/local_cache_middleware.rb:29:in `call'
actionpack (6.0.1) lib/action_dispatch/middleware/executor.rb:14:in `call'
actionpack (6.0.1) lib/action_dispatch/middleware/static.rb:126:in `call'
rack (2.0.7) lib/rack/sendfile.rb:111:in `call'
actionpack (6.0.1) lib/action_dispatch/middleware/host_authorization.rb:83:in `call'
railties (6.0.1) lib/rails/engine.rb:526:in `call'
puma (3.12.1) lib/puma/configuration.rb:227:in `call'
puma (3.12.1) lib/puma/server.rb:660:in `handle_request'
puma (3.12.1) lib/puma/server.rb:474:in `process_client'
puma (3.12.1) lib/puma/server.rb:334:in `block in run'
puma (3.12.1) lib/puma/thread_pool.rb:135:in `block in spawn_thread'
Started GET "/mends" for ::1 at 2019-11-25 21:29:24 -0500
  [1m[35m (0.4ms)[0m  [1m[34mSELECT "schema_migrations"."version" FROM "schema_migrations" ORDER BY "schema_migrations"."version" ASC[0m
Processing by MendsController#index as HTML
  [1m[36mMend Load (0.7ms)[0m  [1m[34mSELECT "mends".* FROM "mends"[0m
  ↳ app/controllers/mends_controller.rb:8:in `index'
Completed 200 OK in 30ms (Views: 21.4ms | ActiveRecord: 6.5ms | Allocations: 8012)


Started GET "/" for ::1 at 2019-11-28 10:04:25 -0500
  [1m[35m (8.6ms)[0m  [1m[34mSELECT "schema_migrations"."version" FROM "schema_migrations" ORDER BY "schema_migrations"."version" ASC[0m
Processing by Rails::WelcomeController#index as HTML
  Rendering /Users/adesegunadedeji/.rbenv/versions/2.6.3/lib/ruby/gems/2.6.0/gems/railties-6.0.1/lib/rails/templates/rails/welcome/index.html.erb
  Rendered /Users/adesegunadedeji/.rbenv/versions/2.6.3/lib/ruby/gems/2.6.0/gems/railties-6.0.1/lib/rails/templates/rails/welcome/index.html.erb (Duration: 16.1ms | Allocations: 316)
Completed 200 OK in 24ms (Views: 20.1ms | ActiveRecord: 0.0ms | Allocations: 1603)


Started GET "/mend" for ::1 at 2019-11-28 10:04:30 -0500
  
ActionController::RoutingError (No route matches [GET] "/mend"):
  
actionpack (6.0.1) lib/action_dispatch/middleware/debug_exceptions.rb:36:in `call'
actionpack (6.0.1) lib/action_dispatch/middleware/show_exceptions.rb:33:in `call'
railties (6.0.1) lib/rails/rack/logger.rb:38:in `call_app'
railties (6.0.1) lib/rails/rack/logger.rb:26:in `block in call'
activesupport (6.0.1) lib/active_support/tagged_logging.rb:80:in `block in tagged'
activesupport (6.0.1) lib/active_support/tagged_logging.rb:28:in `tagged'
activesupport (6.0.1) lib/active_support/tagged_logging.rb:80:in `tagged'
railties (6.0.1) lib/rails/rack/logger.rb:26:in `call'
actionpack (6.0.1) lib/action_dispatch/middleware/remote_ip.rb:81:in `call'
actionpack (6.0.1) lib/action_dispatch/middleware/request_id.rb:27:in `call'
rack (2.0.7) lib/rack/runtime.rb:22:in `call'
activesupport (6.0.1) lib/active_support/cache/strategy/local_cache_middleware.rb:29:in `call'
actionpack (6.0.1) lib/action_dispatch/middleware/executor.rb:14:in `call'
actionpack (6.0.1) lib/action_dispatch/middleware/static.rb:126:in `call'
rack (2.0.7) lib/rack/sendfile.rb:111:in `call'
actionpack (6.0.1) lib/action_dispatch/middleware/host_authorization.rb:83:in `call'
railties (6.0.1) lib/rails/engine.rb:526:in `call'
puma (3.12.1) lib/puma/configuration.rb:227:in `call'
puma (3.12.1) lib/puma/server.rb:660:in `handle_request'
puma (3.12.1) lib/puma/server.rb:474:in `process_client'
puma (3.12.1) lib/puma/server.rb:334:in `block in run'
puma (3.12.1) lib/puma/thread_pool.rb:135:in `block in spawn_thread'
Started GET "/mends" for ::1 at 2019-11-28 10:05:15 -0500
  [1m[35m (1.0ms)[0m  [1m[34mSELECT "schema_migrations"."version" FROM "schema_migrations" ORDER BY "schema_migrations"."version" ASC[0m
Processing by MendsController#index as HTML
  [1m[36mMend Load (11.9ms)[0m  [1m[34mSELECT "mends".* FROM "mends"[0m
  ↳ app/controllers/mends_controller.rb:8:in `index'
Completed 200 OK in 60ms (Views: 11.2ms | ActiveRecord: 46.4ms | Allocations: 8012)


Started GET "/mends" for ::1 at 2019-11-28 10:33:18 -0500
Processing by MendsController#index as */*
  [1m[36mMend Load (5.4ms)[0m  [1m[34mSELECT "mends".* FROM "mends"[0m
  ↳ app/controllers/mends_controller.rb:8:in `index'
Completed 200 OK in 27ms (Views: 16.9ms | ActiveRecord: 5.4ms | Allocations: 1729)


Started GET "/mends" for ::1 at 2019-11-28 10:34:18 -0500
Processing by MendsController#index as */*
  [1m[36mMend Load (0.4ms)[0m  [1m[34mSELECT "mends".* FROM "mends"[0m
  ↳ app/controllers/mends_controller.rb:8:in `index'
Completed 200 OK in 28ms (Views: 27.7ms | ActiveRecord: 0.4ms | Allocations: 1673)


Started GET "/mends" for ::1 at 2019-11-28 10:37:29 -0500
Processing by MendsController#index as */*
  [1m[36mMend Load (0.8ms)[0m  [1m[34mSELECT "mends".* FROM "mends"[0m
  ↳ app/controllers/mends_controller.rb:8:in `index'
Completed 200 OK in 43ms (Views: 36.0ms | ActiveRecord: 0.8ms | Allocations: 1655)


Started GET "/mends" for ::1 at 2019-11-28 10:38:01 -0500
Processing by MendsController#index as */*
  [1m[36mMend Load (0.3ms)[0m  [1m[34mSELECT "mends".* FROM "mends"[0m
  ↳ app/controllers/mends_controller.rb:8:in `index'
Completed 200 OK in 8ms (Views: 7.4ms | ActiveRecord: 0.3ms | Allocations: 1673)


Started GET "/mends" for ::1 at 2019-11-28 10:38:11 -0500
Processing by MendsController#index as */*
  [1m[36mMend Load (0.3ms)[0m  [1m[34mSELECT "mends".* FROM "mends"[0m
  ↳ app/controllers/mends_controller.rb:8:in `index'
Completed 200 OK in 8ms (Views: 7.1ms | ActiveRecord: 0.3ms | Allocations: 1655)


Started GET "/mends" for ::1 at 2019-11-28 10:38:19 -0500
Processing by MendsController#index as */*
  [1m[36mMend Load (0.5ms)[0m  [1m[34mSELECT "mends".* FROM "mends"[0m
  ↳ app/controllers/mends_controller.rb:8:in `index'
Completed 200 OK in 35ms (Views: 34.5ms | ActiveRecord: 0.5ms | Allocations: 1655)


Started GET "/mends" for ::1 at 2019-11-28 10:39:44 -0500
Processing by MendsController#index as */*
  [1m[36mMend Load (1.0ms)[0m  [1m[34mSELECT "mends".* FROM "mends"[0m
  ↳ app/controllers/mends_controller.rb:8:in `index'
Completed 200 OK in 13ms (Views: 11.4ms | ActiveRecord: 1.0ms | Allocations: 1655)


Started GET "/mends" for ::1 at 2019-11-28 10:41:59 -0500
Processing by MendsController#index as */*
  [1m[36mMend Load (5.0ms)[0m  [1m[34mSELECT "mends".* FROM "mends"[0m
  ↳ app/controllers/mends_controller.rb:8:in `index'
Completed 200 OK in 33ms (Views: 25.6ms | ActiveRecord: 5.0ms | Allocations: 1673)


Started GET "/mends" for ::1 at 2019-11-28 10:42:33 -0500
Processing by MendsController#index as */*
  [1m[36mMend Load (0.4ms)[0m  [1m[34mSELECT "mends".* FROM "mends"[0m
  ↳ app/controllers/mends_controller.rb:8:in `index'
Completed 200 OK in 30ms (Views: 27.8ms | ActiveRecord: 0.4ms | Allocations: 1655)


Started GET "/mends" for ::1 at 2019-11-28 10:43:08 -0500
Processing by MendsController#index as */*
  [1m[36mMend Load (0.5ms)[0m  [1m[34mSELECT "mends".* FROM "mends"[0m
  ↳ app/controllers/mends_controller.rb:8:in `index'
Completed 200 OK in 17ms (Views: 15.8ms | ActiveRecord: 0.5ms | Allocations: 1655)


Started GET "/mends" for ::1 at 2019-11-28 10:43:32 -0500
Processing by MendsController#index as */*
  [1m[36mMend Load (0.2ms)[0m  [1m[34mSELECT "mends".* FROM "mends"[0m
  ↳ app/controllers/mends_controller.rb:8:in `index'
Completed 200 OK in 12ms (Views: 12.0ms | ActiveRecord: 0.2ms | Allocations: 1655)


Started GET "/mends" for ::1 at 2019-11-28 10:43:59 -0500
Processing by MendsController#index as */*
  [1m[36mMend Load (0.4ms)[0m  [1m[34mSELECT "mends".* FROM "mends"[0m
  ↳ app/controllers/mends_controller.rb:8:in `index'
Completed 200 OK in 11ms (Views: 10.5ms | ActiveRecord: 0.4ms | Allocations: 1655)


Started GET "/mends" for ::1 at 2019-11-28 11:00:27 -0500
Processing by MendsController#index as */*
  [1m[36mMend Load (0.6ms)[0m  [1m[34mSELECT "mends".* FROM "mends"[0m
  ↳ app/controllers/mends_controller.rb:8:in `index'
Completed 200 OK in 13ms (Views: 11.0ms | ActiveRecord: 0.6ms | Allocations: 1717)


Started GET "/mends" for ::1 at 2019-11-28 11:00:54 -0500
Started GET "/mends" for ::1 at 2019-11-28 11:00:54 -0500
Processing by MendsController#index as */*
  [1m[36mMend Load (0.5ms)[0m  [1m[34mSELECT "mends".* FROM "mends"[0m
  ↳ app/controllers/mends_controller.rb:8:in `index'
Completed 200 OK in 5ms (Views: 3.7ms | ActiveRecord: 0.5ms | Allocations: 1655)


Processing by MendsController#index as */*
  [1m[36mMend Load (1.2ms)[0m  [1m[34mSELECT "mends".* FROM "mends"[0m
  ↳ app/controllers/mends_controller.rb:8:in `index'
Completed 200 OK in 7ms (Views: 5.1ms | ActiveRecord: 1.2ms | Allocations: 1716)


Started GET "/mends" for ::1 at 2019-11-28 11:01:05 -0500
Processing by MendsController#index as */*
  [1m[36mMend Load (0.4ms)[0m  [1m[34mSELECT "mends".* FROM "mends"[0m
  ↳ app/controllers/mends_controller.rb:8:in `index'
Completed 200 OK in 3ms (Views: 2.6ms | ActiveRecord: 0.4ms | Allocations: 1655)


Started GET "/mends" for ::1 at 2019-11-28 11:01:26 -0500
Processing by MendsController#index as */*
  [1m[36mMend Load (0.6ms)[0m  [1m[34mSELECT "mends".* FROM "mends"[0m
  ↳ app/controllers/mends_controller.rb:8:in `index'
Completed 200 OK in 4ms (Views: 3.2ms | ActiveRecord: 0.6ms | Allocations: 1655)


Started GET "/mends" for ::1 at 2019-11-28 11:14:15 -0500
Processing by MendsController#index as */*
  [1m[36mMend Load (1.7ms)[0m  [1m[34mSELECT "mends".* FROM "mends"[0m
  ↳ app/controllers/mends_controller.rb:8:in `index'
Completed 200 OK in 33ms (Views: 28.7ms | ActiveRecord: 1.7ms | Allocations: 1716)


Started GET "/mends" for ::1 at 2019-11-28 11:14:21 -0500
Processing by MendsController#index as */*
  [1m[36mMend Load (9.5ms)[0m  [1m[34mSELECT "mends".* FROM "mends"[0m
  ↳ app/controllers/mends_controller.rb:8:in `index'
Completed 200 OK in 22ms (Views: 12.0ms | ActiveRecord: 9.5ms | Allocations: 1655)


Started GET "/mends" for ::1 at 2019-11-28 11:15:46 -0500
Processing by MendsController#index as */*
  [1m[36mMend Load (0.2ms)[0m  [1m[34mSELECT "mends".* FROM "mends"[0m
  ↳ app/controllers/mends_controller.rb:8:in `index'
Completed 200 OK in 10ms (Views: 9.3ms | ActiveRecord: 0.2ms | Allocations: 1655)


Started GET "/mends" for ::1 at 2019-11-28 11:15:52 -0500
Processing by MendsController#index as */*
  [1m[36mMend Load (0.7ms)[0m  [1m[34mSELECT "mends".* FROM "mends"[0m
  ↳ app/controllers/mends_controller.rb:8:in `index'
Completed 200 OK in 8ms (Views: 6.5ms | ActiveRecord: 0.7ms | Allocations: 1655)


Started GET "/mends" for ::1 at 2019-11-28 11:15:54 -0500
Processing by MendsController#index as */*
  [1m[36mMend Load (0.4ms)[0m  [1m[34mSELECT "mends".* FROM "mends"[0m
  ↳ app/controllers/mends_controller.rb:8:in `index'
Completed 200 OK in 10ms (Views: 9.9ms | ActiveRecord: 0.4ms | Allocations: 1655)


Started GET "/mends" for ::1 at 2019-11-30 12:06:32 -0500
Processing by MendsController#index as */*
  [1m[36mMend Load (9.9ms)[0m  [1m[34mSELECT "mends".* FROM "mends"[0m
  ↳ app/controllers/mends_controller.rb:8:in `index'
Completed 200 OK in 77ms (Views: 54.7ms | ActiveRecord: 9.9ms | Allocations: 1718)


Started GET "/mends" for ::1 at 2019-11-30 12:06:43 -0500
Processing by MendsController#index as */*
  [1m[36mMend Load (0.5ms)[0m  [1m[34mSELECT "mends".* FROM "mends"[0m
  ↳ app/controllers/mends_controller.rb:8:in `index'
Completed 200 OK in 11ms (Views: 10.1ms | ActiveRecord: 0.5ms | Allocations: 1655)


Started GET "/mends" for ::1 at 2019-11-30 12:12:01 -0500
Processing by MendsController#index as */*
  [1m[36mMend Load (0.7ms)[0m  [1m[34mSELECT "mends".* FROM "mends"[0m
  ↳ app/controllers/mends_controller.rb:8:in `index'
Completed 200 OK in 45ms (Views: 36.0ms | ActiveRecord: 0.7ms | Allocations: 1716)


Started GET "/mends" for ::1 at 2019-11-30 12:14:11 -0500
Processing by MendsController#index as */*
  [1m[36mMend Load (8.8ms)[0m  [1m[34mSELECT "mends".* FROM "mends"[0m
  ↳ app/controllers/mends_controller.rb:8:in `index'
Completed 200 OK in 44ms (Views: 30.6ms | ActiveRecord: 8.8ms | Allocations: 1655)


Started GET "/mends" for ::1 at 2019-11-30 12:14:44 -0500
Processing by MendsController#index as */*
  [1m[36mMend Load (24.7ms)[0m  [1m[34mSELECT "mends".* FROM "mends"[0m
  ↳ app/controllers/mends_controller.rb:8:in `index'
Completed 200 OK in 50ms (Views: 24.7ms | ActiveRecord: 24.7ms | Allocations: 1655)


Started GET "/mends" for ::1 at 2019-11-30 12:14:55 -0500
Processing by MendsController#index as */*
  [1m[36mMend Load (1.1ms)[0m  [1m[34mSELECT "mends".* FROM "mends"[0m
  ↳ app/controllers/mends_controller.rb:8:in `index'
Completed 200 OK in 29ms (Views: 26.1ms | ActiveRecord: 1.1ms | Allocations: 1655)


Started GET "/mends" for ::1 at 2019-11-30 12:24:47 -0500
Started GET "/mends" for ::1 at 2019-11-30 12:24:47 -0500
Processing by MendsController#index as */*
  [1m[36mMend Load (1.3ms)[0m  [1m[34mSELECT "mends".* FROM "mends"[0m
Processing by MendsController#index as */*
  ↳ app/controllers/mends_controller.rb:8:in `index'
Completed 200 OK in 50ms (Views: 46.3ms | ActiveRecord: 1.3ms | Allocations: 2182)


  [1m[36mMend Load (16.8ms)[0m  [1m[34mSELECT "mends".* FROM "mends"[0m
  ↳ app/controllers/mends_controller.rb:8:in `index'
Completed 200 OK in 60ms (Views: 30.8ms | ActiveRecord: 16.8ms | Allocations: 3398)


Started GET "/mends" for ::1 at 2019-11-30 12:24:48 -0500
Processing by MendsController#index as */*
  [1m[36mMend Load (0.4ms)[0m  [1m[34mSELECT "mends".* FROM "mends"[0m
  ↳ app/controllers/mends_controller.rb:8:in `index'
Completed 200 OK in 14ms (Views: 13.2ms | ActiveRecord: 0.4ms | Allocations: 1655)


Started GET "/mends" for ::1 at 2019-11-30 12:25:13 -0500
Processing by MendsController#index as */*
  [1m[36mMend Load (0.5ms)[0m  [1m[34mSELECT "mends".* FROM "mends"[0m
  ↳ app/controllers/mends_controller.rb:8:in `index'
Completed 200 OK in 65ms (Views: 62.5ms | ActiveRecord: 0.5ms | Allocations: 1655)


Started GET "/mends" for ::1 at 2019-11-30 12:25:13 -0500
Processing by MendsController#index as */*
  [1m[36mMend Load (0.3ms)[0m  [1m[34mSELECT "mends".* FROM "mends"[0m
  ↳ app/controllers/mends_controller.rb:8:in `index'
Completed 200 OK in 4ms (Views: 3.8ms | ActiveRecord: 0.3ms | Allocations: 1656)


Started GET "/mends" for ::1 at 2019-11-30 12:25:38 -0500
Processing by MendsController#index as */*
  [1m[36mMend Load (1.7ms)[0m  [1m[34mSELECT "mends".* FROM "mends"[0m
  ↳ app/controllers/mends_controller.rb:8:in `index'
Completed 200 OK in 4ms (Views: 2.0ms | ActiveRecord: 1.7ms | Allocations: 1655)


Started GET "/mends" for ::1 at 2019-11-30 12:25:40 -0500
Processing by MendsController#index as */*
  [1m[36mMend Load (0.4ms)[0m  [1m[34mSELECT "mends".* FROM "mends"[0m
  ↳ app/controllers/mends_controller.rb:8:in `index'
Completed 200 OK in 3ms (Views: 2.9ms | ActiveRecord: 0.4ms | Allocations: 1655)


Started GET "/mends" for ::1 at 2019-11-30 12:34:18 -0500
Processing by MendsController#index as */*
  [1m[36mMend Load (1.4ms)[0m  [1m[34mSELECT "mends".* FROM "mends"[0m
  ↳ app/controllers/mends_controller.rb:8:in `index'
Completed 200 OK in 19ms (Views: 15.5ms | ActiveRecord: 1.4ms | Allocations: 1716)


Started GET "/mends" for ::1 at 2019-11-30 12:35:27 -0500
Processing by MendsController#index as */*
  [1m[36mMend Load (0.3ms)[0m  [1m[34mSELECT "mends".* FROM "mends"[0m
  ↳ app/controllers/mends_controller.rb:8:in `index'
Completed 200 OK in 4ms (Views: 3.8ms | ActiveRecord: 0.3ms | Allocations: 1655)


Started GET "/mends" for ::1 at 2019-11-30 12:48:18 -0500
Processing by MendsController#index as */*
  [1m[36mMend Load (6.6ms)[0m  [1m[34mSELECT "mends".* FROM "mends"[0m
  ↳ app/controllers/mends_controller.rb:8:in `index'
Completed 200 OK in 27ms (Views: 17.6ms | ActiveRecord: 6.6ms | Allocations: 1716)


Started GET "/mends" for ::1 at 2019-11-30 12:48:45 -0500
Processing by MendsController#index as */*
  [1m[36mMend Load (2.8ms)[0m  [1m[34mSELECT "mends".* FROM "mends"[0m
  ↳ app/controllers/mends_controller.rb:8:in `index'
Completed 200 OK in 11ms (Views: 7.6ms | ActiveRecord: 2.8ms | Allocations: 1655)


Started GET "/mends" for ::1 at 2019-11-30 12:49:01 -0500
Processing by MendsController#index as */*
  [1m[36mMend Load (3.1ms)[0m  [1m[34mSELECT "mends".* FROM "mends"[0m
  ↳ app/controllers/mends_controller.rb:8:in `index'
Completed 200 OK in 8ms (Views: 4.1ms | ActiveRecord: 3.1ms | Allocations: 1655)


Started GET "/mends" for ::1 at 2019-11-30 12:49:09 -0500
Processing by MendsController#index as */*
  [1m[36mMend Load (1.3ms)[0m  [1m[34mSELECT "mends".* FROM "mends"[0m
  ↳ app/controllers/mends_controller.rb:8:in `index'
Completed 200 OK in 8ms (Views: 5.2ms | ActiveRecord: 1.3ms | Allocations: 1655)


Started GET "/mends" for ::1 at 2019-11-30 12:49:11 -0500
Processing by MendsController#index as */*
  [1m[36mMend Load (1.9ms)[0m  [1m[34mSELECT "mends".* FROM "mends"[0m
  ↳ app/controllers/mends_controller.rb:8:in `index'
Completed 200 OK in 6ms (Views: 3.9ms | ActiveRecord: 1.9ms | Allocations: 1655)


Started GET "/mends" for ::1 at 2019-11-30 12:49:22 -0500
Processing by MendsController#index as */*
  [1m[36mMend Load (4.6ms)[0m  [1m[34mSELECT "mends".* FROM "mends"[0m
  ↳ app/controllers/mends_controller.rb:8:in `index'
Completed 200 OK in 10ms (Views: 4.7ms | ActiveRecord: 4.6ms | Allocations: 1655)


Started GET "/mends" for ::1 at 2019-11-30 12:49:39 -0500
Processing by MendsController#index as */*
  [1m[36mMend Load (0.4ms)[0m  [1m[34mSELECT "mends".* FROM "mends"[0m
  ↳ app/controllers/mends_controller.rb:8:in `index'
Completed 200 OK in 8ms (Views: 7.2ms | ActiveRecord: 0.4ms | Allocations: 1655)


Started GET "/mends" for ::1 at 2019-11-30 13:06:15 -0500
Processing by MendsController#index as */*
  [1m[36mMend Load (1.2ms)[0m  [1m[34mSELECT "mends".* FROM "mends"[0m
  ↳ app/controllers/mends_controller.rb:8:in `index'
Completed 200 OK in 17ms (Views: 13.7ms | ActiveRecord: 1.2ms | Allocations: 1716)


Started GET "/mends" for ::1 at 2019-11-30 13:06:21 -0500
Processing by MendsController#index as */*
  [1m[36mMend Load (0.2ms)[0m  [1m[34mSELECT "mends".* FROM "mends"[0m
  ↳ app/controllers/mends_controller.rb:8:in `index'
Completed 200 OK in 6ms (Views: 5.2ms | ActiveRecord: 0.2ms | Allocations: 1655)


Started GET "/mends" for ::1 at 2019-11-30 13:06:30 -0500
Processing by MendsController#index as */*
  [1m[36mMend Load (0.3ms)[0m  [1m[34mSELECT "mends".* FROM "mends"[0m
  ↳ app/controllers/mends_controller.rb:8:in `index'
Completed 200 OK in 36ms (Views: 35.8ms | ActiveRecord: 0.3ms | Allocations: 1658)


Started GET "/mends" for ::1 at 2019-11-30 13:06:31 -0500
Processing by MendsController#index as */*
  [1m[36mMend Load (0.2ms)[0m  [1m[34mSELECT "mends".* FROM "mends"[0m
  ↳ app/controllers/mends_controller.rb:8:in `index'
Completed 200 OK in 3ms (Views: 2.6ms | ActiveRecord: 0.2ms | Allocations: 1655)


Started GET "/mends" for ::1 at 2019-11-30 13:06:34 -0500
Processing by MendsController#index as */*
  [1m[36mMend Load (0.4ms)[0m  [1m[34mSELECT "mends".* FROM "mends"[0m
  ↳ app/controllers/mends_controller.rb:8:in `index'
Completed 200 OK in 3ms (Views: 2.4ms | ActiveRecord: 0.4ms | Allocations: 1655)


Started GET "/mends" for ::1 at 2019-11-30 13:06:46 -0500
Processing by MendsController#index as */*
  [1m[36mMend Load (0.4ms)[0m  [1m[34mSELECT "mends".* FROM "mends"[0m
  ↳ app/controllers/mends_controller.rb:8:in `index'
Completed 200 OK in 3ms (Views: 2.5ms | ActiveRecord: 0.4ms | Allocations: 1655)


Started GET "/mends" for ::1 at 2019-11-30 13:06:55 -0500
Processing by MendsController#index as */*
  [1m[36mMend Load (0.3ms)[0m  [1m[34mSELECT "mends".* FROM "mends"[0m
  ↳ app/controllers/mends_controller.rb:8:in `index'
Completed 200 OK in 3ms (Views: 2.5ms | ActiveRecord: 0.3ms | Allocations: 1655)


Started GET "/mends" for ::1 at 2019-11-30 13:06:59 -0500
Processing by MendsController#index as */*
  [1m[36mMend Load (5.7ms)[0m  [1m[34mSELECT "mends".* FROM "mends"[0m
  ↳ app/controllers/mends_controller.rb:8:in `index'
Completed 200 OK in 10ms (Views: 3.8ms | ActiveRecord: 5.7ms | Allocations: 1655)


Started GET "/mends" for ::1 at 2019-11-30 13:07:27 -0500
Processing by MendsController#index as */*
  [1m[36mMend Load (3.7ms)[0m  [1m[34mSELECT "mends".* FROM "mends"[0m
  ↳ app/controllers/mends_controller.rb:8:in `index'
Completed 200 OK in 6ms (Views: 1.9ms | ActiveRecord: 3.7ms | Allocations: 1655)


Started GET "/mends" for ::1 at 2019-11-30 13:08:33 -0500
Processing by MendsController#index as */*
  [1m[36mMend Load (0.4ms)[0m  [1m[34mSELECT "mends".* FROM "mends"[0m
  ↳ app/controllers/mends_controller.rb:8:in `index'
Completed 200 OK in 3ms (Views: 2.6ms | ActiveRecord: 0.4ms | Allocations: 1655)


Started GET "/mends" for ::1 at 2019-11-30 13:08:38 -0500
Processing by MendsController#index as */*
  [1m[36mMend Load (1.0ms)[0m  [1m[34mSELECT "mends".* FROM "mends"[0m
  ↳ app/controllers/mends_controller.rb:8:in `index'
Completed 200 OK in 6ms (Views: 3.6ms | ActiveRecord: 1.0ms | Allocations: 1655)


Started GET "/mends" for ::1 at 2019-11-30 13:17:26 -0500
Processing by MendsController#index as */*
  [1m[36mMend Load (21.5ms)[0m  [1m[34mSELECT "mends".* FROM "mends"[0m
  ↳ app/controllers/mends_controller.rb:8:in `index'
Completed 200 OK in 217ms (Views: 191.5ms | ActiveRecord: 21.5ms | Allocations: 1719)


Started GET "/mends" for ::1 at 2019-11-30 13:22:03 -0500
Processing by MendsController#index as */*
  [1m[36mMend Load (1.2ms)[0m  [1m[34mSELECT "mends".* FROM "mends"[0m
  ↳ app/controllers/mends_controller.rb:8:in `index'
Completed 200 OK in 109ms (Views: 103.3ms | ActiveRecord: 1.2ms | Allocations: 1655)


Started GET "/mends" for ::1 at 2019-11-30 13:22:21 -0500
Processing by MendsController#index as */*
  [1m[36mMend Load (1.9ms)[0m  [1m[34mSELECT "mends".* FROM "mends"[0m
  ↳ app/controllers/mends_controller.rb:8:in `index'
Completed 200 OK in 42ms (Views: 39.3ms | ActiveRecord: 1.9ms | Allocations: 1655)


Started GET "/mends" for ::1 at 2019-11-30 13:22:24 -0500
Processing by MendsController#index as */*
  [1m[36mMend Load (0.4ms)[0m  [1m[34mSELECT "mends".* FROM "mends"[0m
  ↳ app/controllers/mends_controller.rb:8:in `index'
Completed 200 OK in 33ms (Views: 32.6ms | ActiveRecord: 0.4ms | Allocations: 1655)


Started GET "/mends" for ::1 at 2019-11-30 13:22:34 -0500
Started GET "/mends" for ::1 at 2019-11-30 13:22:34 -0500
Processing by MendsController#index as */*
  [1m[36mMend Load (7.5ms)[0m  [1m[34mSELECT "mends".* FROM "mends"[0m
  ↳ app/controllers/mends_controller.rb:8:in `index'
Completed 200 OK in 22ms (Views: 13.9ms | ActiveRecord: 7.5ms | Allocations: 1655)


Processing by MendsController#index as */*
  [1m[36mMend Load (1.7ms)[0m  [1m[34mSELECT "mends".* FROM "mends"[0m
  ↳ app/controllers/mends_controller.rb:8:in `index'
Completed 200 OK in 22ms (Views: 20.0ms | ActiveRecord: 1.7ms | Allocations: 1716)


Started GET "/mends" for ::1 at 2019-11-30 13:22:41 -0500
Processing by MendsController#index as */*
  [1m[36mMend Load (0.3ms)[0m  [1m[34mSELECT "mends".* FROM "mends"[0m
  ↳ app/controllers/mends_controller.rb:8:in `index'
Completed 200 OK in 10ms (Views: 9.4ms | ActiveRecord: 0.3ms | Allocations: 1658)


Started GET "/mends" for ::1 at 2019-11-30 13:22:41 -0500
Processing by MendsController#index as */*
  [1m[36mMend Load (0.3ms)[0m  [1m[34mSELECT "mends".* FROM "mends"[0m
  ↳ app/controllers/mends_controller.rb:8:in `index'
Completed 200 OK in 27ms (Views: 26.6ms | ActiveRecord: 0.3ms | Allocations: 1658)


Started GET "/mends" for ::1 at 2019-11-30 13:24:11 -0500
Processing by MendsController#index as */*
  [1m[36mMend Load (1.1ms)[0m  [1m[34mSELECT "mends".* FROM "mends"[0m
  ↳ app/controllers/mends_controller.rb:8:in `index'
Completed 200 OK in 4ms (Views: 2.1ms | ActiveRecord: 1.1ms | Allocations: 1655)


Started GET "/mends" for ::1 at 2019-11-30 13:24:56 -0500
Processing by MendsController#index as */*
  [1m[36mMend Load (0.2ms)[0m  [1m[34mSELECT "mends".* FROM "mends"[0m
  ↳ app/controllers/mends_controller.rb:8:in `index'
Completed 200 OK in 3ms (Views: 2.8ms | ActiveRecord: 0.2ms | Allocations: 1655)


Started GET "/mends" for ::1 at 2019-11-30 13:25:27 -0500
Processing by MendsController#index as */*
  [1m[36mMend Load (0.6ms)[0m  [1m[34mSELECT "mends".* FROM "mends"[0m
  ↳ app/controllers/mends_controller.rb:8:in `index'
Completed 200 OK in 4ms (Views: 3.1ms | ActiveRecord: 0.6ms | Allocations: 1655)


Started GET "/mends" for ::1 at 2019-11-30 13:25:40 -0500
Processing by MendsController#index as */*
Started GET "/mends" for ::1 at 2019-11-30 13:25:40 -0500
  [1m[36mMend Load (1.0ms)[0m  [1m[34mSELECT "mends".* FROM "mends"[0m
  ↳ app/controllers/mends_controller.rb:8:in `index'
Completed 200 OK in 3ms (Views: 1.9ms | ActiveRecord: 1.0ms | Allocations: 1953)


Processing by MendsController#index as */*
  [1m[36mMend Load (4.0ms)[0m  [1m[34mSELECT "mends".* FROM "mends"[0m
  ↳ app/controllers/mends_controller.rb:8:in `index'
Completed 200 OK in 6ms (Views: 1.8ms | ActiveRecord: 4.0ms | Allocations: 1655)


Started GET "/mends" for ::1 at 2019-11-30 13:25:42 -0500
Processing by MendsController#index as */*
  [1m[36mMend Load (1.8ms)[0m  [1m[34mSELECT "mends".* FROM "mends"[0m
  ↳ app/controllers/mends_controller.rb:8:in `index'
Completed 200 OK in 5ms (Views: 2.8ms | ActiveRecord: 1.8ms | Allocations: 1655)


Started GET "/mends" for ::1 at 2019-11-30 13:25:50 -0500
Processing by MendsController#index as */*
Started GET "/mends" for ::1 at 2019-11-30 13:25:50 -0500
  [1m[36mMend Load (4.6ms)[0m  [1m[34mSELECT "mends".* FROM "mends"[0m
  ↳ app/controllers/mends_controller.rb:8:in `index'
Completed 200 OK in 10ms (Views: 5.4ms | ActiveRecord: 4.6ms | Allocations: 1955)


Processing by MendsController#index as */*
  [1m[36mMend Load (1.6ms)[0m  [1m[34mSELECT "mends".* FROM "mends"[0m
  ↳ app/controllers/mends_controller.rb:8:in `index'
Completed 200 OK in 5ms (Views: 3.1ms | ActiveRecord: 1.6ms | Allocations: 1655)


Started GET "/mends" for ::1 at 2019-11-30 13:26:00 -0500
Processing by MendsController#index as */*
  [1m[36mMend Load (2.8ms)[0m  [1m[34mSELECT "mends".* FROM "mends"[0m
  ↳ app/controllers/mends_controller.rb:8:in `index'
Completed 200 OK in 8ms (Views: 4.7ms | ActiveRecord: 2.8ms | Allocations: 1655)


Started GET "/mends" for ::1 at 2019-11-30 13:26:11 -0500
Processing by MendsController#index as */*
  [1m[36mMend Load (14.1ms)[0m  [1m[34mSELECT "mends".* FROM "mends"[0m
  ↳ app/controllers/mends_controller.rb:8:in `index'
Completed 200 OK in 18ms (Views: 3.2ms | ActiveRecord: 14.1ms | Allocations: 1655)


Started GET "/mends" for ::1 at 2019-11-30 13:26:30 -0500
Processing by MendsController#index as */*
  [1m[36mMend Load (1.3ms)[0m  [1m[34mSELECT "mends".* FROM "mends"[0m
  ↳ app/controllers/mends_controller.rb:8:in `index'
Completed 200 OK in 21ms (Views: 13.7ms | ActiveRecord: 1.3ms | Allocations: 1655)


Started GET "/mends" for ::1 at 2019-11-30 13:26:35 -0500
Processing by MendsController#index as */*
  [1m[36mMend Load (1.2ms)[0m  [1m[34mSELECT "mends".* FROM "mends"[0m
  ↳ app/controllers/mends_controller.rb:8:in `index'
Completed 200 OK in 6ms (Views: 3.5ms | ActiveRecord: 1.2ms | Allocations: 1655)


